<?xml version="1.0" encoding="UTF-8"?>
<testsuite name="farm.dashboard.DashboardAppTest" tests="1" skipped="0" failures="0" errors="0" timestamp="2019-11-14T22:49:16" hostname="MacBook-Air.local" time="0.0">
  <properties/>
  <testcase name="testClassExists" classname="farm.dashboard.DashboardAppTest" time="0.0"/>
  <system-out><![CDATA[]]></system-out>
  <system-err><![CDATA[]]></system-err>
</testsuite>
